c:\users\b\source\repos\wiz-hwid-spoofer\wiz-hwid-spoofer-internal\release\vc142.pdb
c:\users\b\source\repos\wiz-hwid-spoofer\wiz-hwid-spoofer-internal\release\zutil.obj
c:\users\b\source\repos\wiz-hwid-spoofer\wiz-hwid-spoofer-internal\release\uncompr.obj
c:\users\b\source\repos\wiz-hwid-spoofer\wiz-hwid-spoofer-internal\release\trees.obj
c:\users\b\source\repos\wiz-hwid-spoofer\wiz-hwid-spoofer-internal\release\inftrees.obj
c:\users\b\source\repos\wiz-hwid-spoofer\wiz-hwid-spoofer-internal\release\inflate.obj
c:\users\b\source\repos\wiz-hwid-spoofer\wiz-hwid-spoofer-internal\release\inffast.obj
c:\users\b\source\repos\wiz-hwid-spoofer\wiz-hwid-spoofer-internal\release\infback.obj
c:\users\b\source\repos\wiz-hwid-spoofer\wiz-hwid-spoofer-internal\release\gzwrite.obj
c:\users\b\source\repos\wiz-hwid-spoofer\wiz-hwid-spoofer-internal\release\gzread.obj
c:\users\b\source\repos\wiz-hwid-spoofer\wiz-hwid-spoofer-internal\release\gzlib.obj
c:\users\b\source\repos\wiz-hwid-spoofer\wiz-hwid-spoofer-internal\release\gzclose.obj
c:\users\b\source\repos\wiz-hwid-spoofer\wiz-hwid-spoofer-internal\release\deflate.obj
c:\users\b\source\repos\wiz-hwid-spoofer\wiz-hwid-spoofer-internal\release\crc32.obj
c:\users\b\source\repos\wiz-hwid-spoofer\wiz-hwid-spoofer-internal\release\compress.obj
c:\users\b\source\repos\wiz-hwid-spoofer\wiz-hwid-spoofer-internal\release\adler32.obj
c:\users\b\source\repos\wiz-hwid-spoofer\wiz-hwid-spoofer-internal\release\source.obj
c:\users\b\source\repos\wiz-hwid-spoofer\release\wiz-hwid-spoofer-internal.dll
c:\users\b\source\repos\wiz-hwid-spoofer\release\wiz-hwid-spoofer-internal.pdb
c:\users\b\source\repos\wiz-hwid-spoofer\release\wiz-hwid-spoofer-internal.ipdb
c:\users\b\source\repos\wiz-hwid-spoofer\release\wiz-hwid-spoofer-internal.iobj
c:\users\b\source\repos\wiz-hwid-spoofer\release\minhook.x32.dll
c:\users\b\source\repos\wiz-hwid-spoofer\wiz-hwid-spoofer-internal\release\wiz-hwid.2add0102.tlog\cl.command.1.tlog
c:\users\b\source\repos\wiz-hwid-spoofer\wiz-hwid-spoofer-internal\release\wiz-hwid.2add0102.tlog\cl.read.1.tlog
c:\users\b\source\repos\wiz-hwid-spoofer\wiz-hwid-spoofer-internal\release\wiz-hwid.2add0102.tlog\cl.write.1.tlog
c:\users\b\source\repos\wiz-hwid-spoofer\wiz-hwid-spoofer-internal\release\wiz-hwid.2add0102.tlog\link.command.1.tlog
c:\users\b\source\repos\wiz-hwid-spoofer\wiz-hwid-spoofer-internal\release\wiz-hwid.2add0102.tlog\link.delete.1.tlog
c:\users\b\source\repos\wiz-hwid-spoofer\wiz-hwid-spoofer-internal\release\wiz-hwid.2add0102.tlog\link.read.1.tlog
c:\users\b\source\repos\wiz-hwid-spoofer\wiz-hwid-spoofer-internal\release\wiz-hwid.2add0102.tlog\link.write.1.tlog
c:\users\b\source\repos\wiz-hwid-spoofer\wiz-hwid-spoofer-internal\release\wiz-hwid.2add0102.tlog\wiz-hwid-spoofer-internal.write.1u.tlog
