c:\users\b\source\repos\wiz-hwid-spoofer\wiz-hwid-spoofer\release\vc142.pdb
c:\users\b\source\repos\wiz-hwid-spoofer\wiz-hwid-spoofer\release\texteditor.obj
c:\users\b\source\repos\wiz-hwid-spoofer\wiz-hwid-spoofer\release\imgui_widgets.obj
c:\users\b\source\repos\wiz-hwid-spoofer\wiz-hwid-spoofer\release\imgui_tables.obj
c:\users\b\source\repos\wiz-hwid-spoofer\wiz-hwid-spoofer\release\imgui_impl_win32.obj
c:\users\b\source\repos\wiz-hwid-spoofer\wiz-hwid-spoofer\release\imgui_impl_dx11.obj
c:\users\b\source\repos\wiz-hwid-spoofer\wiz-hwid-spoofer\release\imgui_draw.obj
c:\users\b\source\repos\wiz-hwid-spoofer\wiz-hwid-spoofer\release\imgui_demo.obj
c:\users\b\source\repos\wiz-hwid-spoofer\wiz-hwid-spoofer\release\imgui.obj
c:\users\b\source\repos\wiz-hwid-spoofer\wiz-hwid-spoofer\release\source.obj
c:\users\b\source\repos\wiz-hwid-spoofer\release\wiz-hwid-spoofer.exe
c:\users\b\source\repos\wiz-hwid-spoofer\release\wiz-hwid-spoofer.pdb
c:\users\b\source\repos\wiz-hwid-spoofer\release\wiz-hwid-spoofer.ipdb
c:\users\b\source\repos\wiz-hwid-spoofer\release\wiz-hwid-spoofer.iobj
c:\users\b\source\repos\wiz-hwid-spoofer\wiz-hwid-spoofer\release\wiz-hwid-spoofer.tlog\cl.command.1.tlog
c:\users\b\source\repos\wiz-hwid-spoofer\wiz-hwid-spoofer\release\wiz-hwid-spoofer.tlog\cl.read.1.tlog
c:\users\b\source\repos\wiz-hwid-spoofer\wiz-hwid-spoofer\release\wiz-hwid-spoofer.tlog\cl.write.1.tlog
c:\users\b\source\repos\wiz-hwid-spoofer\wiz-hwid-spoofer\release\wiz-hwid-spoofer.tlog\link.command.1.tlog
c:\users\b\source\repos\wiz-hwid-spoofer\wiz-hwid-spoofer\release\wiz-hwid-spoofer.tlog\link.delete.1.tlog
c:\users\b\source\repos\wiz-hwid-spoofer\wiz-hwid-spoofer\release\wiz-hwid-spoofer.tlog\link.read.1.tlog
c:\users\b\source\repos\wiz-hwid-spoofer\wiz-hwid-spoofer\release\wiz-hwid-spoofer.tlog\link.write.1.tlog
c:\users\b\source\repos\wiz-hwid-spoofer\wiz-hwid-spoofer\release\wiz-hwid-spoofer.tlog\wiz-hwid-spoofer.write.1u.tlog
